<?xml version="1.0" encoding="UTF-8"?>
<testsuite xmlns:xsi="http://www.w3.org/2001/XMLSchema-instance" xsi:noNamespaceSchemaLocation="https://maven.apache.org/surefire/maven-surefire-plugin/xsd/surefire-test-report.xsd" name="guru.springframework.sfgpetclinic.controllers.IndexControllerTest" time="0.127" tests="11" errors="0" skipped="5" failures="0">
  <properties>
[...]
</properties>
  <testcase name="testMeOnWinWindows" classname="guru.springframework.sfgpetclinic.controllers.IndexControllerTest" time="0.015"/>
  <testcase name="testTimeout" classname="guru.springframework.sfgpetclinic.controllers.IndexControllerTest" time="0">
    <skipped message="Demo Of TimeOut"/>
  </testcase>
  <testcase name="testMeOnJava11" classname="guru.springframework.sfgpetclinic.controllers.IndexControllerTest" time="0"/>
  <testcase name="testAssumptionTrueAssumptionIsTrue" classname="guru.springframework.sfgpetclinic.controllers.IndexControllerTest" time="0.001"/>
  <testcase name="testTimeoutPrempt" classname="guru.springframework.sfgpetclinic.controllers.IndexControllerTest" time="0">
    <skipped message="Demo Of TimeOut"/>
  </testcase>
  <testcase name="index" classname="guru.springframework.sfgpetclinic.controllers.IndexControllerTest" time="0.076"/>
  <testcase name="oupsHandler" classname="guru.springframework.sfgpetclinic.controllers.IndexControllerTest" time="0.002"/>
  <testcase name="testMeUserName" classname="guru.springframework.sfgpetclinic.controllers.IndexControllerTest" time="0.001"/>
  <testcase name="testMeOnJava8" classname="guru.springframework.sfgpetclinic.controllers.IndexControllerTest" time="0">
    <skipped message="Disabled on JRE version: 11.0.16"/>
  </testcase>
  <testcase name="testMeOnMacOs" classname="guru.springframework.sfgpetclinic.controllers.IndexControllerTest" time="0">
    <skipped message="Disabled on operating system: Windows 10"/>
  </testcase>
  <testcase name="testAssumptionTrue" classname="guru.springframework.sfgpetclinic.controllers.IndexControllerTest" time="0">
    <skipped message="Assumption failed: assumption is not true" type="org.opentest4j.TestAbortedException">org.opentest4j.TestAbortedException: Assumption failed: assumption is not true
	at guru.springframework.sfgpetclinic.controllers.IndexControllerTest.testAssumptionTrue(IndexControllerTest.java:61)
</skipped>
  </testcase>
</testsuite>